[debug] [2023-07-14T13:01:40.243Z] ----------------------------------------------------------------------
[debug] [2023-07-14T13:01:40.245Z] Command:       /home/user/.nvm/versions/node/v19.5.0/bin/node /home/user/.nvm/versions/node/v19.5.0/bin/firebase deploy
[debug] [2023-07-14T13:01:40.245Z] CLI Version:   12.4.2
[debug] [2023-07-14T13:01:40.245Z] Platform:      linux
[debug] [2023-07-14T13:01:40.245Z] Node Version:  v19.5.0
[debug] [2023-07-14T13:01:40.246Z] Time:          Fri Jul 14 2023 16:01:40 GMT+0300 (Москва, стандартное время)
[debug] [2023-07-14T13:01:40.246Z] ----------------------------------------------------------------------
[debug] 
[debug] [2023-07-14T13:01:40.248Z] >>> [apiv2][query] GET https://firebase-public.firebaseio.com/cli.json [none]
[debug] [2023-07-14T13:01:40.327Z] > command requires scopes: ["email","openid","https://www.googleapis.com/auth/cloudplatformprojects.readonly","https://www.googleapis.com/auth/firebase","https://www.googleapis.com/auth/cloud-platform"]
[debug] [2023-07-14T13:01:40.327Z] > authorizing via signed-in user (bandronses@gmail.com)
[debug] [2023-07-14T13:01:40.328Z] [iam] checking project geo-privacy for permissions ["firebase.projects.get","firebasehosting.sites.update"]
[debug] [2023-07-14T13:01:40.328Z] > refreshing access token with scopes: []
[debug] [2023-07-14T13:01:40.329Z] >>> [apiv2][query] POST https://www.googleapis.com/oauth2/v3/token [none]
[debug] [2023-07-14T13:01:40.329Z] >>> [apiv2][body] POST https://www.googleapis.com/oauth2/v3/token [omitted]
[debug] [2023-07-14T13:03:49.417Z] [iam] error while checking permissions, command may fail: FirebaseError: Authentication Error: Your credentials are no longer valid. Please run firebase login --reauth

For CI servers and headless environments, generate a new token with firebase login:ci
[debug] [2023-07-14T13:03:49.419Z] > refreshing access token with scopes: []
[debug] [2023-07-14T13:03:49.420Z] >>> [apiv2][query] POST https://www.googleapis.com/oauth2/v3/token [none]
[debug] [2023-07-14T13:03:49.420Z] >>> [apiv2][body] POST https://www.googleapis.com/oauth2/v3/token [omitted]
[warn] ⚠  Unable to fetch the CLI MOTD and remote config. 
[debug] [2023-07-14T13:03:49.425Z] Failed to fetch MOTD FirebaseError: Failed to make request to https://firebase-public.firebaseio.com/cli.json
[debug] [2023-07-14T13:05:45.391Z] ----------------------------------------------------------------------
[debug] [2023-07-14T13:05:45.392Z] Command:       /home/user/.nvm/versions/node/v19.5.0/bin/node /home/user/.nvm/versions/node/v19.5.0/bin/firebase deploy
[debug] [2023-07-14T13:05:45.393Z] CLI Version:   12.4.2
[debug] [2023-07-14T13:05:45.393Z] Platform:      linux
[debug] [2023-07-14T13:05:45.393Z] Node Version:  v19.5.0
[debug] [2023-07-14T13:05:45.393Z] Time:          Fri Jul 14 2023 16:05:45 GMT+0300 (Москва, стандартное время)
[debug] [2023-07-14T13:05:45.393Z] ----------------------------------------------------------------------
[debug] 
[debug] [2023-07-14T13:05:45.395Z] >>> [apiv2][query] GET https://firebase-public.firebaseio.com/cli.json [none]
[debug] [2023-07-14T13:05:45.475Z] > command requires scopes: ["email","openid","https://www.googleapis.com/auth/cloudplatformprojects.readonly","https://www.googleapis.com/auth/firebase","https://www.googleapis.com/auth/cloud-platform"]
[debug] [2023-07-14T13:05:45.475Z] > authorizing via signed-in user (bandronses@gmail.com)
[debug] [2023-07-14T13:05:45.475Z] [iam] checking project geo-privacy for permissions ["firebase.projects.get","firebasehosting.sites.update"]
[debug] [2023-07-14T13:05:45.476Z] > refreshing access token with scopes: []
[debug] [2023-07-14T13:05:45.477Z] >>> [apiv2][query] POST https://www.googleapis.com/oauth2/v3/token [none]
[debug] [2023-07-14T13:05:45.477Z] >>> [apiv2][body] POST https://www.googleapis.com/oauth2/v3/token [omitted]
[debug] [2023-07-14T13:07:55.525Z] ----------------------------------------------------------------------
[debug] [2023-07-14T13:07:55.527Z] Command:       /home/user/.nvm/versions/node/v19.5.0/bin/node /home/user/.nvm/versions/node/v19.5.0/bin/firebase deploy
[debug] [2023-07-14T13:07:55.527Z] CLI Version:   12.4.2
[debug] [2023-07-14T13:07:55.527Z] Platform:      linux
[debug] [2023-07-14T13:07:55.528Z] Node Version:  v19.5.0
[debug] [2023-07-14T13:07:55.528Z] Time:          Fri Jul 14 2023 16:07:55 GMT+0300 (Москва, стандартное время)
[debug] [2023-07-14T13:07:55.528Z] ----------------------------------------------------------------------
[debug] 
[debug] [2023-07-14T13:07:55.530Z] >>> [apiv2][query] GET https://firebase-public.firebaseio.com/cli.json [none]
[debug] [2023-07-14T13:07:55.604Z] > command requires scopes: ["email","openid","https://www.googleapis.com/auth/cloudplatformprojects.readonly","https://www.googleapis.com/auth/firebase","https://www.googleapis.com/auth/cloud-platform"]
[debug] [2023-07-14T13:07:55.604Z] > authorizing via signed-in user (bandronses@gmail.com)
[debug] [2023-07-14T13:07:55.604Z] [iam] checking project geo-privacy for permissions ["firebase.projects.get","firebasehosting.sites.update"]
[debug] [2023-07-14T13:07:55.605Z] > refreshing access token with scopes: []
[debug] [2023-07-14T13:07:55.606Z] >>> [apiv2][query] POST https://www.googleapis.com/oauth2/v3/token [none]
[debug] [2023-07-14T13:07:55.606Z] >>> [apiv2][body] POST https://www.googleapis.com/oauth2/v3/token [omitted]
[debug] [2023-07-14T13:10:18.297Z] ----------------------------------------------------------------------
[debug] [2023-07-14T13:10:18.299Z] Command:       /home/user/.nvm/versions/node/v19.5.0/bin/node /home/user/.nvm/versions/node/v19.5.0/bin/firebase login
[debug] [2023-07-14T13:10:18.299Z] CLI Version:   12.4.2
[debug] [2023-07-14T13:10:18.299Z] Platform:      linux
[debug] [2023-07-14T13:10:18.299Z] Node Version:  v19.5.0
[debug] [2023-07-14T13:10:18.299Z] Time:          Fri Jul 14 2023 16:10:18 GMT+0300 (Москва, стандартное время)
[debug] [2023-07-14T13:10:18.299Z] ----------------------------------------------------------------------
[debug] 
[debug] [2023-07-14T13:10:18.301Z] >>> [apiv2][query] GET https://firebase-public.firebaseio.com/cli.json [none]
[info] Already logged in as bandronses@gmail.com
[debug] [2023-07-14T13:10:28.385Z] Error: Timed out.
    at Timeout._onTimeout (/home/user/.nvm/versions/node/v19.5.0/lib/node_modules/firebase-tools/lib/utils.js:254:49)
    at listOnTimeout (node:internal/timers:568:17)
    at process.processTimers (node:internal/timers:511:7)
[error] 
[error] Error: An unexpected error has occurred.
[debug] [2023-07-14T13:11:07.274Z] ----------------------------------------------------------------------
[debug] [2023-07-14T13:11:07.276Z] Command:       /home/user/.nvm/versions/node/v19.5.0/bin/node /home/user/.nvm/versions/node/v19.5.0/bin/firebase deploy
[debug] [2023-07-14T13:11:07.276Z] CLI Version:   12.4.2
[debug] [2023-07-14T13:11:07.276Z] Platform:      linux
[debug] [2023-07-14T13:11:07.276Z] Node Version:  v19.5.0
[debug] [2023-07-14T13:11:07.277Z] Time:          Fri Jul 14 2023 16:11:07 GMT+0300 (Москва, стандартное время)
[debug] [2023-07-14T13:11:07.277Z] ----------------------------------------------------------------------
[debug] 
[debug] [2023-07-14T13:11:07.278Z] >>> [apiv2][query] GET https://firebase-public.firebaseio.com/cli.json [none]
[debug] [2023-07-14T13:11:07.353Z] > command requires scopes: ["email","openid","https://www.googleapis.com/auth/cloudplatformprojects.readonly","https://www.googleapis.com/auth/firebase","https://www.googleapis.com/auth/cloud-platform"]
[debug] [2023-07-14T13:11:07.353Z] > authorizing via signed-in user (bandronses@gmail.com)
[debug] [2023-07-14T13:11:07.354Z] [iam] checking project geo-privacy for permissions ["firebase.projects.get","firebasehosting.sites.update"]
[debug] [2023-07-14T13:11:07.354Z] > refreshing access token with scopes: []
[debug] [2023-07-14T13:11:07.355Z] >>> [apiv2][query] POST https://www.googleapis.com/oauth2/v3/token [none]
[debug] [2023-07-14T13:11:07.355Z] >>> [apiv2][body] POST https://www.googleapis.com/oauth2/v3/token [omitted]
[debug] [2023-07-14T13:14:22.660Z] ----------------------------------------------------------------------
[debug] [2023-07-14T13:14:22.662Z] Command:       /home/user/.nvm/versions/node/v19.5.0/bin/node /home/user/.nvm/versions/node/v19.5.0/bin/firebase deploy
[debug] [2023-07-14T13:14:22.662Z] CLI Version:   12.4.2
[debug] [2023-07-14T13:14:22.663Z] Platform:      linux
[debug] [2023-07-14T13:14:22.663Z] Node Version:  v19.5.0
[debug] [2023-07-14T13:14:22.663Z] Time:          Fri Jul 14 2023 16:14:22 GMT+0300 (Москва, стандартное время)
[debug] [2023-07-14T13:14:22.663Z] ----------------------------------------------------------------------
[debug] 
[debug] [2023-07-14T13:14:22.665Z] >>> [apiv2][query] GET https://firebase-public.firebaseio.com/cli.json [none]
[debug] [2023-07-14T13:14:22.739Z] > command requires scopes: ["email","openid","https://www.googleapis.com/auth/cloudplatformprojects.readonly","https://www.googleapis.com/auth/firebase","https://www.googleapis.com/auth/cloud-platform"]
[debug] [2023-07-14T13:14:22.739Z] > authorizing via signed-in user (bandronses@gmail.com)
[debug] [2023-07-14T13:14:22.739Z] [iam] checking project geo-privacy for permissions ["firebase.projects.get","firebasehosting.sites.update"]
[debug] [2023-07-14T13:14:22.740Z] > refreshing access token with scopes: []
[debug] [2023-07-14T13:14:22.740Z] >>> [apiv2][query] POST https://www.googleapis.com/oauth2/v3/token [none]
[debug] [2023-07-14T13:14:22.741Z] >>> [apiv2][body] POST https://www.googleapis.com/oauth2/v3/token [omitted]
